<?xml version="1.0" encoding="UTF-8"?>
<!-- Generated by org.testng.reporters.JUnitXMLReporter -->
<testsuite ignored="0" hostname="Prasu" failures="0" tests="3" name="Default test" time="0.067" errors="0" timestamp="2025-08-11T09:11:15 IST">
  <testcase classname="TestNg.Script_2" name="CreateAccount" time="0.012"/>
  <testcase classname="TestNg.Script_2" name="DeleteAccount" time="0.001"/>
  <testcase classname="TestNg.Script_2" name="EditAccount" time="0.001"/>
</testsuite> <!-- Default test -->
