<?xml version="1.0" encoding="UTF-8"?>
<testng-results ignored="0" total="3" passed="3" failed="0" skipped="0">
  <reporter-output>
  </reporter-output>
  <suite started-at="2025-08-11T09:11:15 IST" name="Default suite" finished-at="2025-08-11T09:11:15 IST" duration-ms="67">
    <groups>
    </groups>
    <test started-at="2025-08-11T09:11:15 IST" name="Default test" finished-at="2025-08-11T09:11:15 IST" duration-ms="67">
      <class name="TestNg.Script_2">
        <test-method signature="CreateAccount()[pri:0, instance:TestNg.Script_2@76508ed1]" started-at="2025-08-11T09:11:15 IST" name="CreateAccount" finished-at="2025-08-11T09:11:15 IST" duration-ms="12" status="PASS">
          <reporter-output>
          </reporter-output>
        </test-method> <!-- CreateAccount -->
        <test-method signature="DeleteAccount()[pri:0, instance:TestNg.Script_2@76508ed1]" started-at="2025-08-11T09:11:15 IST" name="DeleteAccount" finished-at="2025-08-11T09:11:15 IST" duration-ms="1" status="PASS">
          <reporter-output>
          </reporter-output>
        </test-method> <!-- DeleteAccount -->
        <test-method signature="EditAccount()[pri:0, instance:TestNg.Script_2@76508ed1]" started-at="2025-08-11T09:11:15 IST" name="EditAccount" finished-at="2025-08-11T09:11:15 IST" duration-ms="1" status="PASS">
          <reporter-output>
          </reporter-output>
        </test-method> <!-- EditAccount -->
      </class> <!-- TestNg.Script_2 -->
    </test> <!-- Default test -->
  </suite> <!-- Default suite -->
</testng-results>
