<?xml version="1.0" encoding="UTF-8"?>
<!-- Generated by org.testng.reporters.JUnitReportReporter -->
<testsuite hostname="Prasu" failures="0" tests="3" name="TestNg.Script_2" time="0.014" errors="0" timestamp="2025-08-11T09:11:15 IST" skipped="0">
  <testcase classname="TestNg.Script_2" name="DeleteAccount" time="0.001"/>
  <testcase classname="TestNg.Script_2" name="CreateAccount" time="0.012"/>
  <testcase classname="TestNg.Script_2" name="EditAccount" time="0.001"/>
</testsuite> <!-- TestNg.Script_2 -->
